<?xml version="1.0" encoding="UTF-8"?>
<testng-results ignored="0" total="1" passed="1" failed="0" skipped="0">
  <reporter-output>
  </reporter-output>
  <suite started-at="2023-01-29T17:58:59 IST" name="Default suite" finished-at="2023-01-29T17:59:57 IST" duration-ms="57646">
    <groups>
    </groups>
    <test started-at="2023-01-29T17:58:59 IST" name="Default test" finished-at="2023-01-29T17:59:57 IST" duration-ms="57646">
      <class name="com.TorrentPharma.MainPage.EmpCount_MainPage">
        <test-method signature="empList1()[pri:0, instance:com.TorrentPharma.MainPage.EmpCount_MainPage@16eedaa6]" started-at="2023-01-29T17:58:59 IST" name="empList1" finished-at="2023-01-29T17:59:57 IST" duration-ms="57505" status="PASS">
          <reporter-output>
          </reporter-output>
        </test-method> <!-- empList1 -->
        <test-method is-config="true" signature="tearDown(org.testng.ITestResult)[pri:0, instance:com.TorrentPharma.MainPage.EmpCount_MainPage@16eedaa6]" started-at="2023-01-29T17:59:57 IST" name="tearDown" finished-at="2023-01-29T17:59:57 IST" duration-ms="10" status="PASS">
          <params>
            <param index="0">
              <value>
                <![CDATA[[TestResult name=empList1 status=SUCCESS method=EmpCount_MainPage.empList1()[pri:0, instance:com.TorrentPharma.MainPage.EmpCount_MainPage@16eedaa6] output={null}]]]>
              </value>
            </param>
          </params>
          <reporter-output>
          </reporter-output>
        </test-method> <!-- tearDown -->
      </class> <!-- com.TorrentPharma.MainPage.EmpCount_MainPage -->
    </test> <!-- Default test -->
  </suite> <!-- Default suite -->
</testng-results>
